[    0.000000] Linux version 4.15.0-212-generic (buildd@lcy02-amd64-083) (gcc version 7.5.0 (Ubuntu 7.5.0-3ubuntu1~18.04)) #223-Ubuntu SMP Tue May 23 13:09:22 UTC 2023 (Ubuntu 4.15.0-212.223-generic 4.15.18)
[    0.000000] Command line: BOOT_IMAGE=/boot/vmlinuz-4.15.0-212-generic root=LABEL=cloudimg-rootfs ro console=tty1 console=ttyS0
[    0.000000] KERNEL supported cpus:
[    0.000000]   Intel GenuineIntel
[    0.000000]   AMD AuthenticAMD
[    0.000000]   Centaur CentaurHauls
[    0.000000] x86/fpu: Supporting XSAVE feature 0x001: 'x87 floating point registers'
[    0.000000] x86/fpu: Supporting XSAVE feature 0x002: 'SSE registers'
[    0.000000] x86/fpu: Supporting XSAVE feature 0x004: 'AVX registers'
[    0.000000] x86/fpu: xstate_offset[2]:  576, xstate_sizes[2]:  256
[    0.000000] x86/fpu: Enabled xstate features 0x7, context size is 832 bytes, using 'standard' format.
[    0.000000] e820: BIOS-provided physical RAM map:
[    0.000000] BIOS-e820: [mem 0x0000000000000000-0x000000000009fbff] usable
[    0.000000] BIOS-e820: [mem 0x000000000009fc00-0x000000000009ffff] reserved
[    0.000000] BIOS-e820: [mem 0x00000000000f0000-0x00000000000fffff] reserved
[    0.000000] BIOS-e820: [mem 0x0000000000100000-0x00000000dffeffff] usable
[    0.000000] BIOS-e820: [mem 0x00000000dfff0000-0x00000000dfffffff] ACPI data
[    0.000000] BIOS-e820: [mem 0x00000000fec00000-0x00000000fec00fff] reserved
[    0.000000] BIOS-e820: [mem 0x00000000fee00000-0x00000000fee00fff] reserved
[    0.000000] BIOS-e820: [mem 0x00000000fffc0000-0x00000000ffffffff] reserved
[    0.000000] BIOS-e820: [mem 0x0000000100000000-0x000000011fffffff] usable
[    0.000000] NX (Execute Disable) protection: active
[    0.000000] SMBIOS 2.5 present.
[    0.000000] DMI: innotek GmbH VirtualBox/VirtualBox, BIOS VirtualBox 12/01/2006
[    0.000000] Hypervisor detected: KVM
[    0.000000] e820: last_pfn = 0x120000 max_arch_pfn = 0x400000000
[    0.000000] MTRR: Disabled
[    0.000000] x86/PAT: MTRRs disabled, skipping PAT initialization too.
[    0.000000] CPU MTRRs all blank - virtualized system.
[    0.000000] x86/PAT: Configuration [0-7]: WB  WT  UC- UC  WB  WT  UC- UC  
[    0.000000] e820: last_pfn = 0xdfff0 max_arch_pfn = 0x400000000
[    0.000000] found SMP MP-table at [mem 0x0009fff0-0x0009ffff]
[    0.000000] Scanning 1 areas for low memory corruption
[    0.000000] RAMDISK: [mem 0x359cb000-0x36cdcfff]
[    0.000000] ACPI: Early table checksum verification disabled
[    0.000000] ACPI: RSDP 0x00000000000E0000 000024 (v02 VBOX  )
[    0.000000] ACPI: XSDT 0x00000000DFFF0030 00003C (v01 VBOX   VBOXXSDT 00000001 ASL  00000061)
[    0.000000] ACPI: FACP 0x00000000DFFF00F0 0000F4 (v04 VBOX   VBOXFACP 00000001 ASL  00000061)
[    0.000000] ACPI: DSDT 0x00000000DFFF0610 002353 (v02 VBOX   VBOXBIOS 00000002 INTL 20100528)
[    0.000000] ACPI: FACS 0x00000000DFFF0200 000040
[    0.000000] ACPI: FACS 0x00000000DFFF0200 000040
[    0.000000] ACPI: APIC 0x00000000DFFF0240 00005C (v02 VBOX   VBOXAPIC 00000001 ASL  00000061)
[    0.000000] ACPI: SSDT 0x00000000DFFF02A0 00036C (v01 VBOX   VBOXCPUT 00000002 INTL 20100528)
[    0.000000] ACPI: Reserving FACP table memory at [mem 0xdfff00f0-0xdfff01e3]
[    0.000000] ACPI: Reserving DSDT table memory at [mem 0xdfff0610-0xdfff2962]
[    0.000000] ACPI: Reserving FACS table memory at [mem 0xdfff0200-0xdfff023f]
[    0.000000] ACPI: Reserving FACS table memory at [mem 0xdfff0200-0xdfff023f]
[    0.000000] ACPI: Reserving APIC table memory at [mem 0xdfff0240-0xdfff029b]
[    0.000000] ACPI: Reserving SSDT table memory at [mem 0xdfff02a0-0xdfff060b]
[    0.000000] No NUMA configuration found
[    0.000000] Faking a node at [mem 0x0000000000000000-0x000000011fffffff]
[    0.000000] NODE_DATA(0) allocated [mem 0x11ffd1000-0x11fffbfff]
[    0.000000] kvm-clock: cpu 0, msr 1:1ff50001, primary cpu clock
[    0.000000] kvm-clock: Using msrs 4b564d01 and 4b564d00
[    0.000000] kvm-clock: using sched offset of 2934983810 cycles
[    0.000000] clocksource: kvm-clock: mask: 0xffffffffffffffff max_cycles: 0x1cd42e4dffb, max_idle_ns: 881590591483 ns
[    0.000000] Zone ranges:
[    0.000000]   DMA      [mem 0x0000000000001000-0x0000000000ffffff]
[    0.000000]   DMA32    [mem 0x0000000001000000-0x00000000ffffffff]
[    0.000000]   Normal   [mem 0x0000000100000000-0x000000011fffffff]
[    0.000000]   Device   empty
[    0.000000] Movable zone start for each node
[    0.000000] Early memory node ranges
[    0.000000]   node   0: [mem 0x0000000000001000-0x000000000009efff]
[    0.000000]   node   0: [mem 0x0000000000100000-0x00000000dffeffff]
[    0.000000]   node   0: [mem 0x0000000100000000-0x000000011fffffff]
[    0.000000] Reserved but unavailable: 104 pages
[    0.000000] Initmem setup node 0 [mem 0x0000000000001000-0x000000011fffffff]
[    0.000000] ACPI: PM-Timer IO Port: 0x4008
[    0.000000] IOAPIC[0]: apic_id 2, version 32, address 0xfec00000, GSI 0-23
[    0.000000] ACPI: INT_SRC_OVR (bus 0 bus_irq 0 global_irq 2 dfl dfl)
[    0.000000] ACPI: INT_SRC_OVR (bus 0 bus_irq 9 global_irq 9 low level)
[    0.000000] Using ACPI (MADT) for SMP configuration information
[    0.000000] smpboot: Allowing 2 CPUs, 0 hotplug CPUs
[    0.000000] PM: Registered nosave memory: [mem 0x00000000-0x00000fff]
[    0.000000] PM: Registered nosave memory: [mem 0x0009f000-0x0009ffff]
[    0.000000] PM: Registered nosave memory: [mem 0x000a0000-0x000effff]
[    0.000000] PM: Registered nosave memory: [mem 0x000f0000-0x000fffff]
[    0.000000] PM: Registered nosave memory: [mem 0xdfff0000-0xdfffffff]
[    0.000000] PM: Registered nosave memory: [mem 0xe0000000-0xfebfffff]
[    0.000000] PM: Registered nosave memory: [mem 0xfec00000-0xfec00fff]
[    0.000000] PM: Registered nosave memory: [mem 0xfec01000-0xfedfffff]
[    0.000000] PM: Registered nosave memory: [mem 0xfee00000-0xfee00fff]
[    0.000000] PM: Registered nosave memory: [mem 0xfee01000-0xfffbffff]
[    0.000000] PM: Registered nosave memory: [mem 0xfffc0000-0xffffffff]
[    0.000000] e820: [mem 0xe0000000-0xfebfffff] available for PCI devices
[    0.000000] Booting paravirtualized kernel on KVM
[    0.000000] clocksource: refined-jiffies: mask: 0xffffffff max_cycles: 0xffffffff, max_idle_ns: 7645519600211568 ns
[    0.000000] setup_percpu: NR_CPUS:8192 nr_cpumask_bits:2 nr_cpu_ids:2 nr_node_ids:1
[    0.000000] percpu: Embedded 50 pages/cpu s167936 r8192 d28672 u1048576
[    0.000000] PV qspinlock hash table entries: 256 (order: 0, 4096 bytes)
[    0.000000] Built 1 zonelists, mobility grouping on.  Total pages: 1032057
[    0.000000] Policy zone: Normal
[    0.000000] Kernel command line: BOOT_IMAGE=/boot/vmlinuz-4.15.0-212-generic root=LABEL=cloudimg-rootfs ro console=tty1 console=ttyS0
[    0.000000] Memory: 4013252K/4193848K available (12300K kernel code, 2477K rwdata, 4324K rodata, 2480K init, 2720K bss, 180596K reserved, 0K cma-reserved)
[    0.000000] SLUB: HWalign=64, Order=0-3, MinObjects=0, CPUs=2, Nodes=1
[    0.000000] Kernel/User page tables isolation: enabled
[    0.000000] ftrace: allocating 39508 entries in 155 pages
[    0.004000] Hierarchical RCU implementation.
[    0.004000] 	RCU restricting CPUs from NR_CPUS=8192 to nr_cpu_ids=2.
[    0.004000] 	Tasks RCU enabled.
[    0.004000] RCU: Adjusting geometry for rcu_fanout_leaf=16, nr_cpu_ids=2
[    0.004000] NR_IRQS: 524544, nr_irqs: 440, preallocated irqs: 16
[    0.004000] random: crng init done
[    0.004000] Console: colour VGA+ 80x25
[    0.004000] console [tty1] enabled
[    0.004000] console [ttyS0] enabled
[    0.004000] ACPI: Core revision 20170831
[    0.004000] ACPI: 2 ACPI AML tables successfully acquired and loaded
[    0.004000] APIC: Switch to symmetric I/O mode setup
[    0.004000] x2apic enabled
[    0.004000] Switched APIC routing to physical x2apic.
[    0.004000] ..TIMER: vector=0x30 apic1=0 pin1=2 apic2=-1 pin2=-1
[    0.004004] tsc: Detected 2304.002 MHz processor
[    0.004720] Calibrating delay loop (skipped) preset value.. 4608.00 BogoMIPS (lpj=9216008)
[    0.005264] pid_max: default: 32768 minimum: 301
[    0.006010] Security Framework initialized
[    0.008002] Yama: becoming mindful.
[    0.008581] AppArmor: AppArmor initialized
[    0.009704] Dentry cache hash table entries: 524288 (order: 10, 4194304 bytes)
[    0.011154] Inode-cache hash table entries: 262144 (order: 9, 2097152 bytes)
[    0.012012] Mount-cache hash table entries: 8192 (order: 4, 65536 bytes)
[    0.013043] Mountpoint-cache hash table entries: 8192 (order: 4, 65536 bytes)
[    0.014344] Last level iTLB entries: 4KB 64, 2MB 8, 4MB 8
[    0.015193] Last level dTLB entries: 4KB 64, 2MB 0, 4MB 0, 1GB 4
[    0.016002] Spectre V1 : Mitigation: usercopy/swapgs barriers and __user pointer sanitization
[    0.017332] Spectre V2 : Mitigation: Retpolines
[    0.018028] Spectre V2 : Spectre v2 / SpectreRSB mitigation: Filling RSB on context switch
[    0.019342] Spectre V2 : Spectre v2 / SpectreRSB : Filling RSB on VMEXIT
[    0.020001] RETBleed: WARNING: Spectre v2 mitigation leaves CPU vulnerable to RETBleed attacks, data leaks possible!
[    0.021603] RETBleed: Vulnerable
[    0.022127] Speculative Store Bypass: Vulnerable
[    0.022893] MDS: Mitigation: Clear CPU buffers
[    0.024001] MMIO Stale Data: Mitigation: Clear CPU buffers
[    0.024860] SRBDS: Unknown: Dependent on hypervisor status
[    0.025883] Freeing SMP alternatives memory: 36K
[    0.136980] smpboot: CPU0: Intel(R) Core(TM) i5-8300H CPU @ 2.30GHz (family: 0x6, model: 0x9e, stepping: 0xa)
[    0.139343] Performance Events: unsupported p6 CPU model 158 no PMU driver, software events only.
[    0.140000] Hierarchical SRCU implementation.
[    0.140452] NMI watchdog: Perf event create on CPU 0 failed with -2
[    0.141917] NMI watchdog: Perf NMI watchdog permanently disabled
[    0.144042] smp: Bringing up secondary CPUs ...
[    0.145204] x86: Booting SMP configuration:
[    0.146119] .... node  #0, CPUs:      #1
[    0.004000] kvm-clock: cpu 1, msr 1:1ff50041, secondary cpu clock
[    0.150509] smp: Brought up 1 node, 2 CPUs
[    0.150509] smpboot: Max logical packages: 1
[    0.152005] smpboot: Total of 2 processors activated (9216.00 BogoMIPS)
[    0.153669] devtmpfs: initialized
[    0.153669] x86/mm: Memory block size: 128MB
[    0.156526] evm: security.selinux
[    0.157245] evm: security.SMACK64
[    0.157984] evm: security.SMACK64EXEC
[    0.160023] evm: security.SMACK64TRANSMUTE
[    0.161300] evm: security.SMACK64MMAP
[    0.161996] evm: security.apparmor
[    0.162610] evm: security.ima
[    0.164004] evm: security.capability
[    0.164644] clocksource: jiffies: mask: 0xffffffff max_cycles: 0xffffffff, max_idle_ns: 7645041785100000 ns
[    0.166394] futex hash table entries: 512 (order: 3, 32768 bytes)
[    0.168049] pinctrl core: initialized pinctrl subsystem
[    0.168959] RTC time: 19:04:29, date: 08/19/23
[    0.169810] NET: Registered protocol family 16
[    0.170628] audit: initializing netlink subsys (disabled)
[    0.172019] audit: type=2000 audit(1692471873.339:1): state=initialized audit_enabled=0 res=1
[    0.173923] cpuidle: using governor ladder
[    0.173923] cpuidle: using governor menu
[    0.173923] ACPI: bus type PCI registered
[    0.176008] acpiphp: ACPI Hot Plug PCI Controller Driver version: 0.5
[    0.177116] PCI: Using configuration type 1 for base access
[    0.178290] HugeTLB registered 2.00 MiB page size, pre-allocated 0 pages
[    0.180096] ACPI: Added _OSI(Module Device)
[    0.181005] ACPI: Added _OSI(Processor Device)
[    0.182515] ACPI: Added _OSI(3.0 _SCP Extensions)
[    0.184002] ACPI: Added _OSI(Processor Aggregator Device)
[    0.185092] ACPI: Added _OSI(Linux-Dell-Video)
[    0.186025] ACPI: Added _OSI(Linux-Lenovo-NV-HDMI-Audio)
[    0.188002] ACPI: Added _OSI(Linux-HPI-Hybrid-Graphics)
[    0.189415] ACPI: Executed 1 blocks of module-level executable AML code
[    0.194148] ACPI: Interpreter enabled
[    0.194903] ACPI: (supports S0 S5)
[    0.196010] ACPI: Using IOAPIC for interrupt routing
[    0.197504] PCI: Using host bridge windows from ACPI; if necessary, use "pci=nocrs" and report a bug
[    0.200165] ACPI: Enabled 2 GPEs in block 00 to 07
[    0.207504] ACPI: PCI Root Bridge [PCI0] (domain 0000 [bus 00-ff])
[    0.208005] acpi PNP0A03:00: _OSC: OS supports [ASPM ClockPM Segments MSI]
[    0.209852] acpi PNP0A03:00: _OSC: not requesting OS control; OS requires [ExtendedConfig ASPM ClockPM MSI]
[    0.211687] acpi PNP0A03:00: fail to add MMCONFIG information, can't access extended PCI configuration space under this bridge.
[    0.212366] PCI host bridge to bus 0000:00
[    0.213192] pci_bus 0000:00: root bus resource [io  0x0000-0x0cf7 window]
[    0.216003] pci_bus 0000:00: root bus resource [io  0x0d00-0xffff window]
[    0.217278] pci_bus 0000:00: root bus resource [mem 0x000a0000-0x000bffff window]
[    0.218911] pci_bus 0000:00: root bus resource [mem 0xe0000000-0xfdffffff window]
[    0.220004] pci_bus 0000:00: root bus resource [bus 00-ff]
[    0.224133] pci 0000:00:01.1: legacy IDE quirk: reg 0x10: [io  0x01f0-0x01f7]
[    0.225481] pci 0000:00:01.1: legacy IDE quirk: reg 0x14: [io  0x03f6]
[    0.226691] pci 0000:00:01.1: legacy IDE quirk: reg 0x18: [io  0x0170-0x0177]
[    0.228002] pci 0000:00:01.1: legacy IDE quirk: reg 0x1c: [io  0x0376]
[    0.258677] pci 0000:00:07.0: quirk: [io  0x4000-0x403f] claimed by PIIX4 ACPI
[    0.260013] pci 0000:00:07.0: quirk: [io  0x4100-0x410f] claimed by PIIX4 SMB
[    0.273205] ACPI: PCI Interrupt Link [LNKA] (IRQs 5 9 10 *11)
[    0.274691] ACPI: PCI Interrupt Link [LNKB] (IRQs 5 9 *10 11)
[    0.275903] ACPI: PCI Interrupt Link [LNKC] (IRQs 5 *9 10 11)
[    0.276108] ACPI: PCI Interrupt Link [LNKD] (IRQs 5 9 10 *11)
[    0.277489] SCSI subsystem initialized
[    0.278331] pci 0000:00:02.0: vgaarb: setting as boot VGA device
[    0.278331] pci 0000:00:02.0: vgaarb: VGA device added: decodes=io+mem,owns=io+mem,locks=none
[    0.280007] pci 0000:00:02.0: vgaarb: bridge control possible
[    0.281152] vgaarb: loaded
[    0.284030] ACPI: bus type USB registered
[    0.284934] usbcore: registered new interface driver usbfs
[    0.286046] usbcore: registered new interface driver hub
[    0.287141] usbcore: registered new device driver usb
[    0.288041] EDAC MC: Ver: 3.0.0
[    0.288865] PCI: Using ACPI for IRQ routing
[    0.289109] NetLabel: Initializing
[    0.289804] NetLabel:  domain hash size = 128
[    0.292005] NetLabel:  protocols = UNLABELED CIPSOv4 CALIPSO
[    0.293101] NetLabel:  unlabeled traffic allowed by default
[    0.294174] clocksource: Switched to clocksource kvm-clock
[    0.300958] VFS: Disk quotas dquot_6.6.0
[    0.301780] VFS: Dquot-cache hash table entries: 512 (order 0, 4096 bytes)
[    0.303199] AppArmor: AppArmor Filesystem Enabled
[    0.304198] pnp: PnP ACPI init
[    0.305896] pnp: PnP ACPI: found 3 devices
[    0.314854] clocksource: acpi_pm: mask: 0xffffff max_cycles: 0xffffff, max_idle_ns: 2085701024 ns
[    0.316755] NET: Registered protocol family 2
[    0.317743] IP idents hash table entries: 65536 (order: 7, 524288 bytes)
[    0.319404] TCP established hash table entries: 32768 (order: 6, 262144 bytes)
[    0.320878] TCP bind hash table entries: 32768 (order: 7, 524288 bytes)
[    0.322300] TCP: Hash tables configured (established 32768 bind 32768)
[    0.323600] UDP hash table entries: 2048 (order: 4, 65536 bytes)
[    0.324770] UDP-Lite hash table entries: 2048 (order: 4, 65536 bytes)
[    0.326022] NET: Registered protocol family 1
[    0.326906] pci 0000:00:00.0: Limiting direct PCI/PCI transfers
[    0.328103] pci 0000:00:01.0: Activating ISA DMA hang workarounds
[    0.329314] pci 0000:00:02.0: Video device with shadowed ROM at [mem 0x000c0000-0x000dffff]
[    0.330987] Unpacking initramfs...
[    0.532283] Freeing initrd memory: 19528K
[    0.533253] PCI-DMA: Using software bounce buffering for IO (SWIOTLB)
[    0.534525] software IO TLB: mapped [mem 0xdbff0000-0xdfff0000] (64MB)
[    0.535884] clocksource: tsc: mask: 0xffffffffffffffff max_cycles: 0x2135f9f0f74, max_idle_ns: 440795301392 ns
[    0.537858] platform rtc_cmos: registered platform RTC device (no PNP device found)
[    0.539397] Scanning for low memory corruption every 60 seconds
[    0.541263] Initialise system trusted keyrings
[    0.542183] Key type blacklist registered
[    0.543144] workingset: timestamp_bits=36 max_order=20 bucket_order=0
[    0.545573] zbud: loaded
[    0.546623] squashfs: version 4.0 (2009/01/31) Phillip Lougher
[    0.548084] fuse init (API version 7.26)
[    0.550542] Key type asymmetric registered
[    0.551370] Asymmetric key parser 'x509' registered
[    0.552391] Block layer SCSI generic (bsg) driver version 0.4 loaded (major 246)
[    0.553904] io scheduler noop registered
[    0.554695] io scheduler deadline registered
[    0.555559] io scheduler cfq registered (default)
[    0.556816] ACPI: AC Adapter [AC] (on-line)
[    0.557727] input: Power Button as /devices/LNXSYSTM:00/LNXPWRBN:00/input/input0
[    0.559256] ACPI: Power Button [PWRF]
[    0.560084] input: Sleep Button as /devices/LNXSYSTM:00/LNXSLPBN:00/input/input1
[    0.561801] ACPI: Sleep Button [SLPF]
[    0.563451] ACPI: Battery Slot [BAT0] (battery present)
[    0.564135] Serial: 8250/16550 driver, 32 ports, IRQ sharing enabled
[    0.586330] 00:02: ttyS0 at I/O 0x3f8 (irq = 4, base_baud = 115200) is a 16550A
[    0.588947] Linux agpgart interface v0.103
[    0.590819] loop: module loaded
[    0.592082] scsi host0: ata_piix
[    0.593033] scsi host1: ata_piix
[    0.593849] ata1: PATA max UDMA/33 cmd 0x1f0 ctl 0x3f6 bmdma 0xd000 irq 14
[    0.595146] ata2: PATA max UDMA/33 cmd 0x170 ctl 0x376 bmdma 0xd008 irq 15
[    0.596598] tun: Universal TUN/TAP device driver, 1.6
[    0.597576] PPP generic driver version 2.4.2
[    0.598474] ehci_hcd: USB 2.0 'Enhanced' Host Controller (EHCI) Driver
[    0.599793] ehci-pci: EHCI PCI platform driver
[    0.600936] ehci-platform: EHCI generic platform driver
[    0.601958] ohci_hcd: USB 1.1 'Open' Host Controller (OHCI) Driver
[    0.603094] ohci-pci: OHCI PCI platform driver
[    0.603997] ohci-platform: OHCI generic platform driver
[    0.605033] uhci_hcd: USB Universal Host Controller Interface driver
[    0.606246] i8042: PNP: PS/2 Controller [PNP0303:PS2K,PNP0f03:PS2M] at 0x60,0x64 irq 1,12
[    0.608255] serio: i8042 KBD port at 0x60,0x64 irq 1
[    0.609349] serio: i8042 AUX port at 0x60,0x64 irq 12
[    0.610527] mousedev: PS/2 mouse device common for all mice
[    0.611874] input: AT Translated Set 2 keyboard as /devices/platform/i8042/serio0/input/input2
[    0.613852] rtc_cmos rtc_cmos: rtc core: registered rtc_cmos as rtc0
[    0.615114] rtc_cmos rtc_cmos: alarms up to one day, 114 bytes nvram
[    0.616282] i2c /dev entries driver
[    0.617098] device-mapper: uevent: version 1.0.3
[    0.618066] device-mapper: ioctl: 4.37.0-ioctl (2017-09-20) initialised: dm-devel@redhat.com
[    0.619763] ledtrig-cpu: registered to indicate activity on CPUs
[    0.621697] NET: Registered protocol family 10
[    0.625822] Segment Routing with IPv6
[    0.626566] NET: Registered protocol family 17
[    0.627692] Key type dns_resolver registered
[    0.628785] mce: Using 0 MCE banks
[    0.629499] RAS: Correctable Errors collector initialized.
[    0.630577] sched_clock: Marking stable (628734180, 0)->(832748237, -204014057)
[    0.632242] registered taskstats version 1
[    0.633161] Loading compiled-in X.509 certificates
[    0.636356] Loaded X.509 cert 'Build time autogenerated kernel key: b5b26778eaa3ab3a4a6cee031137706e947d12ad'
[    0.638591] Loaded X.509 cert 'Canonical Ltd. Live Patch Signing: 14df34d1a87cf37625abec039ef2bf521249b969'
[    0.641016] Loaded X.509 cert 'Canonical Ltd. Kernel Module Signing: 88f752e560a1e0737e31163a466ad7b70a850c19'
[    0.642885] blacklist: Loading compiled-in revocation X.509 certificates
[    0.644454] Loaded X.509 cert 'Canonical Ltd. Secure Boot Signing: 61482aa2830d0ab2ad5af10b7250da9033ddcef0'
[    0.646278] Loaded X.509 cert 'Canonical Ltd. Secure Boot Signing (2017): 242ade75ac4a15e50d50c84b0d45ff3eae707a03'
[    0.648298] Loaded X.509 cert 'Canonical Ltd. Secure Boot Signing (ESM 2018): 365188c1d374d6b07c3c8f240f8ef722433d6a8b'
[    0.650683] Loaded X.509 cert 'Canonical Ltd. Secure Boot Signing (2019): c0746fd6c5da3ae827864651ad66ae47fe24b3e8'
[    0.652696] Loaded X.509 cert 'Canonical Ltd. Secure Boot Signing (2021 v1): a8d54bbb3825cfb94fa13c9f8a594a195c107b8d'
[    0.654733] Loaded X.509 cert 'Canonical Ltd. Secure Boot Signing (2021 v2): 4cf046892d6fd3c9a5b03f98d845f90851dc6a8c'
[    0.656846] Loaded X.509 cert 'Canonical Ltd. Secure Boot Signing (2021 v3): 100437bb6de6e469b581e61cd66bce3ef4ed53af'
[    0.658805] Loaded X.509 cert 'Canonical Ltd. Secure Boot Signing (Ubuntu Core 2019): c1d57b8f6b743f23ee41f4f7ee292f06eecadfb9'
[    0.661190] zswap: loaded using pool lzo/zbud
[    0.665308] Key type big_key registered
[    0.666069] Key type trusted registered
[    0.668361] Key type encrypted registered
[    0.669171] AppArmor: AppArmor sha1 policy hashing enabled
[    0.670226] ima: No TPM chip found, activating TPM-bypass! (rc=-19)
[    0.671391] ima: Allocated hash algorithm: sha1
[    0.672896] evm: HMAC attrs: 0x1
[    0.673947]   Magic number: 3:968:91
[    0.674860] rtc_cmos rtc_cmos: setting system clock to 2023-08-19 19:04:29 UTC (1692471869)
[    0.676608] BIOS EDD facility v0.16 2004-Jun-25, 0 devices found
[    0.677746] EDD information not available.
[    0.869424] Freeing unused kernel image memory: 2480K
[    0.885028] Write protecting the kernel read-only data: 20480k
[    0.886652] Freeing unused kernel image memory: 2008K
[    0.888878] Freeing unused kernel image memory: 1820K
[    0.896307] x86/mm: Checked W+X mappings: passed, no W+X pages found.
[    0.897515] x86/mm: Checking user space page tables
[    0.905349] x86/mm: Checked W+X mappings: passed, no W+X pages found.
Loading, please wait...
starting version 237
[    0.959952] Fusion MPT base driver 3.04.20
[    0.960788] Copyright (c) 1999-2008 LSI Corporation
[    0.965519] e1000: Intel(R) PRO/1000 Network Driver - version 7.3.21-k8-NAPI
[    0.966869] e1000: Copyright (c) 1999-2006 Intel Corporation.
[    0.968041] Fusion MPT SPI Host driver 3.04.20
[    0.982845] AVX2 version of gcm_enc/dec engaged.
[    0.983988] AES CTR mode by8 optimization enabled
[    1.192763] input: ImExPS/2 Generic Explorer Mouse as /devices/platform/i8042/serio1/input/input4
[    1.349014] e1000 0000:00:03.0 eth0: (PCI:33MHz:32-bit) 02:3b:7b:b7:3b:2d
[    1.350342] e1000 0000:00:03.0 eth0: Intel(R) PRO/1000 Network Connection
[    1.352740] mptbase: ioc0: Initiating bringup
[    1.352996] e1000 0000:00:03.0 enp0s3: renamed from eth0
[    1.696401] ioc0: LSI53C1030 A0: Capabilities={Initiator}
[    4.853686] scsi host2: ioc0: LSI53C1030 A0, FwRev=00000000h, Ports=1, MaxQ=256, IRQ=20
[    7.930501] scsi 2:0:0:0: Direct-Access     VBOX     HARDDISK         1.0  PQ: 0 ANSI: 5
[    7.969036] scsi target2:0:0: Beginning Domain Validation
[    7.972509] scsi target2:0:0: Domain Validation skipping write tests
[    7.973816] scsi target2:0:0: Ending Domain Validation
[    7.974910] scsi target2:0:0: asynchronous
[    7.976494] scsi 2:0:1:0: Direct-Access     VBOX     HARDDISK         1.0  PQ: 0 ANSI: 5
[    8.008360] scsi target2:0:1: Beginning Domain Validation
[    8.011711] scsi target2:0:1: Domain Validation skipping write tests
[    8.012998] scsi target2:0:1: Ending Domain Validation
[    8.014160] scsi target2:0:1: asynchronous
[    8.019078] sd 2:0:0:0: Attached scsi generic sg0 type 0
[    8.019116] sd 2:0:0:0: [sda] 83886080 512-byte logical blocks: (42.9 GB/40.0 GiB)
[    8.021208] sd 2:0:1:0: Attached scsi generic sg1 type 0
[    8.022532] sd 2:0:0:0: [sda] Write Protect is off
[    8.024457] sd 2:0:1:0: [sdb] 20480 512-byte logical blocks: (10.5 MB/10.0 MiB)
[    8.025691] sd 2:0:0:0: [sda] Incomplete mode parameter data
[    8.026614] sd 2:0:0:0: [sda] Assuming drive cache: write through
[    8.027599] sd 2:0:1:0: [sdb] Write Protect is off
[    8.029060] sd 2:0:1:0: [sdb] Incomplete mode parameter data
[    8.030015] sd 2:0:1:0: [sdb] Assuming drive cache: write through
[    8.033058]  sda: sda1
[    8.034615] sd 2:0:0:0: [sda] Attached SCSI disk
[    8.035549] sd 2:0:1:0: [sdb] Attached SCSI disk
Begin: Loading essential drivers ... [   10.244051] raid6: sse2x1   gen() 13699 MB/s
[   10.292055] raid6: sse2x1   xor()  9822 MB/s
[   10.340026] raid6: sse2x2   gen() 16769 MB/s
[   10.388059] raid6: sse2x2   xor() 11328 MB/s
[   10.436053] raid6: sse2x4   gen() 19381 MB/s
[   10.484052] raid6: sse2x4   xor() 11865 MB/s
[   10.532040] raid6: avx2x1   gen() 27229 MB/s
[   10.580052] raid6: avx2x1   xor() 19038 MB/s
[   10.628041] raid6: avx2x2   gen() 33008 MB/s
[   10.676052] raid6: avx2x2   xor() 20782 MB/s
[   10.724044] raid6: avx2x4   gen() 36997 MB/s
[   10.772054] raid6: avx2x4   xor() 22622 MB/s
[   10.772943] raid6: using algorithm avx2x4 gen() 36997 MB/s
[   10.773982] raid6: .... xor() 22622 MB/s, rmw enabled
[   10.774944] raid6: using avx2x2 recovery algorithm
[   10.776657] xor: automatically using best checksumming function   avx       
[   10.778571] async_tx: api initialized (async)
done.
Begin: Running /scripts/init-premount ... done.
Begin: Mounting root file system ... Begin: Running /scripts/local-top ... done.
Begin: Running /scripts/local-premount ... [   10.814410] Btrfs loaded, crc32c=crc32c-intel
Scanning for Btrfs filesystems
done.
Warning: fsck not present, so skipping root file system
[   10.837018] EXT4-fs (sda1): mounted filesystem with ordered data mode. Opts: (null)
done.
Begin: Running /scripts/local-bottom ... done.
Begin: Running /scripts/init-bottom ... done.
[   10.988316] ip_tables: (C) 2000-2006 Netfilter Core Team
[   10.995752] systemd[1]: systemd 237 running in system mode. (+PAM +AUDIT +SELINUX +IMA +APPARMOR +SMACK +SYSVINIT +UTMP +LIBCRYPTSETUP +GCRYPT +GNUTLS +ACL +XZ +LZ4 +SECCOMP +BLKID +ELFUTILS +KMOD -IDN2 +IDN -PCRE2 default-hierarchy=hybrid)
[   10.999173] systemd[1]: Detected virtualization oracle.
[   11.000028] systemd[1]: Detected architecture x86-64.

Welcome to [1mUbuntu 18.04.6 LTS[0m!

[   11.004651] systemd[1]: Set hostname to <ubuntu>.
[   11.007679] systemd[1]: Initializing machine ID from random generator.
[   11.009047] systemd[1]: Installed transient /etc/machine-id file.
[   11.209360] systemd[1]: Reached target System Time Synchronized.
[[0;32m  OK  [0m] Reached target System Time Synchronized.
[   11.211164] systemd[1]: Reached target Swap.
[[0;32m  OK  [0m] Reached target Swap.
[   11.212483] systemd[1]: Reached target User and Group Name Lookups.
[[0;32m  OK  [0m] Reached target User and Group Name Lookups.
[   11.215247] systemd[1]: Created slice User and Session Slice.
[[0;32m  OK  [0m] Created slice User and Session Slice.
[[0;32m  OK  [0m] Set up automount Arbitrary Executab…rmats File System Automount Point.
[[0;32m  OK  [0m] Reached target Mounting snaps.
[[0;32m  OK  [0m] Reached target Mounted snaps.
[[0;32m  OK  [0m] Started Forward Password Requests to Wall Directory Watch.
[[0;32m  OK  [0m] Created slice System Slice.
[[0;32m  OK  [0m] Listening on /dev/initctl Compatibility Named Pipe.
[[0;32m  OK  [0m] Listening on Journal Socket (/dev/log).
[[0;32m  OK  [0m] Listening on Journal Socket.
[[0;32m  OK  [0m] Reached target Slices.
         Mounting POSIX Message Queue File System...
         Starting Set the console keyboard layout...
[[0;32m  OK  [0m] Listening on udev Control Socket.
[[0;32m  OK  [0m] Listening on LVM2 poll daemon socket.
[[0;32m  OK  [0m] Listening on LVM2 metadata daemon socket.
[[0;32m  OK  [0m] Listening on Syslog Socket.
         Mounting Huge Pages File System...
         Mounting Kernel Debug File System...
[[0;32m  OK  [0m] Listening on Device-mapper event daemon FIFOs.
         Starting Monitoring of LVM2 mirrors…ng dmeventd or progress polling...
[[0;32m  OK  [0m] Listening on fsck to fsckd communication Socket.
         Starting File System Check on Root Device...
         Starting Create list of required st…ce nodes for the current kernel...
[[0;32m  OK  [0m] Listening on Network Service Netlink Socket.
         Starting Uncomplicated firewall...
[[0;32m  OK  [0m] Created slice system-serial\x2dgetty.slice.
[[0;32m  OK  [0m] Listening on Journal Audit Socket.
         Starting Journal Service...
[[0;32m  OK  [0m] Listening on udev Kernel Socket.
         Starting udev Coldplug all Devices...
         Starting Load Kernel Modules...
[[0;32m  OK  [0m] Started Journal Service.
[[0;32m  OK  [0m] Mounted POSIX Message Queue File System.
[   11.385337] Loading iSCSI transport class v2.0-870.
[   11.391108] iscsi: registered transport (tcp)
[[0;32m  OK  [0m] Mounted Huge Pages File System.
[[0;32m  OK  [0m] Mounted Kernel Debug File System.
[   11.405542] iscsi: registered transport (iser)
[[0;32m  OK  [0m] Started Create list of required sta…vice nodes for the current kernel.
[[0;32m  OK  [0m] Started Uncomplicated firewall.
[[0;32m  OK  [0m] Started Load Kernel Modules.
[[0;32m  OK  [0m] Started LVM2 metadata daemon.
[[0;32m  OK  [0m] Started File System Check Daemon to report status.
         Starting Apply Kernel Variables...
         Mounting FUSE Control File System...
         Mounting Kernel Configuration File System...
         Starting Create Static Device Nodes in /dev...
[[0;32m  OK  [0m] Started File System Check on Root Device.
[[0;32m  OK  [0m] Mounted FUSE Control File System.
[[0;32m  OK  [0m] Mounted Kernel Configuration File System.
         Starting Remount Root and Kernel File Systems...
[[0;32m  OK  [0m] Started udev Coldplug all Devices.
[[0;32m  OK  [0m] Started Create Static Device Nodes in /dev.
[[0;32m  OK  [0m] Started Apply Kernel Variables.
[[0;32m  OK  [0m] Started Remount Root and Kernel File Systems.
         Starting udev Kernel Device Manager...
         Starting Flush Journal to Persistent Storage...
         Starting Load/Save Random Seed...
[[0;32m  OK  [0m] Started Monitoring of LVM2 mirrors,…sing dmeventd or progress polling.
[[0;32m  OK  [0m] Started udev Kernel Device Manager.
[[0;32m  OK  [0m] Started Load/Save Random Seed.
[[0;32m  OK  [0m] Started Flush Journal to Persistent Storage.
[[0;32m  OK  [0m] Found device /dev/ttyS0.
[[0;32m  OK  [0m] Listening on Load/Save RF Kill Switch Status /dev/rfkill Watch.
         Mounting Arbitrary Executable File Formats File System...
[[0;32m  OK  [0m] Mounted Arbitrary Executable File Formats File System.
[[0;32m  OK  [0m] Started Set the console keyboard layout.
[[0;32m  OK  [0m] Started Dispatch Password Requests to Console Directory Watch.
[[0;32m  OK  [0m] Reached target Local Encrypted Volumes.
[[0;32m  OK  [0m] Reached target Local File Systems (Pre).
[[0;32m  OK  [0m] Reached target Local File Systems.
         Starting Create Volatile Files and Directories...
         Starting Set console font and keymap...
         Starting Commit a transient machine-id on disk...
         Starting ebtables ruleset management...
         Starting Tell Plymouth To Write Out Runtime Data...
         Starting AppArmor initialization...
[[0;32m  OK  [0m] Started Create Volatile Files and Directories.
         Starting Update UTMP about System Boot/Shutdown...
[[0;32m  OK  [0m] Started Tell Plymouth To Write Out Runtime Data.
[[0;32m  OK  [0m] Started Update UTMP about System Boot/Shutdown.
[[0;32m  OK  [0m] Started Commit a transient machine-id on disk.
[[0;32m  OK  [0m] Started ebtables ruleset management.
[[0;32m  OK  [0m] Started Set console font and keymap.
[[0;32m  OK  [0m] Started AppArmor initialization.
         Starting Initial cloud-init job (pre-networking)...
         Starting Load AppArmor profiles managed internally by snapd...
[[0;32m  OK  [0m] Started Load AppArmor profiles managed internally by snapd.
[   14.976278] cloud-init[870]: Cloud-init v. 23.1.2-0ubuntu0~18.04.1 running 'init-local' at Sat, 19 Aug 2023 19:04:43 +0000. Up 14.65 seconds.
[[0;32m  OK  [0m] Started Initial cloud-init job (pre-networking).
[[0;32m  OK  [0m] Reached target Network (Pre).
         Starting Network Service...
[[0;32m  OK  [0m] Started Network Service.
         Starting Network Name Resolution...
         Starting Wait for Network to be Configured...
[[0;32m  OK  [0m] Started Network Name Resolution.
[[0;32m  OK  [0m] Reached target Network.
[[0;32m  OK  [0m] Reached target Host and Network Name Lookups.
[[0;32m  OK  [0m] Started Wait for Network to be Configured.
         Starting Initial cloud-init job (metadata service crawler)...
[   17.179033] cloud-init[1008]: Cloud-init v. 23.1.2-0ubuntu0~18.04.1 running 'init' at Sat, 19 Aug 2023 19:04:45 +0000. Up 17.00 seconds.
[   17.179933] cloud-init[1008]: ci-info: ++++++++++++++++++++++++++++++++++++++Net device info++++++++++++++++++++++++++++++++++++++
[   17.180795] cloud-init[1008]: ci-info: +--------+------+----------------------------+---------------+--------+-------------------+
[   17.182252] cloud-init[1008]: ci-info: | Device |  Up  |          Address           |      Mask     | Scope  |     Hw-Address    |
[   17.183662] cloud-init[1008]: ci-info: +--------+------+----------------------------+---------------+--------+-------------------+
[   17.192162] cloud-init[1008]: ci-info: | enp0s3 | True |         10.0.2.15          | 255.255.255.0 | global | 02:3b:7b:b7:3b:2d |
[   17.193148] cloud-init[1008]: ci-info: | enp0s3 | True | fe80::3b:7bff:feb7:3b2d/64 |       .       |  link  | 02:3b:7b:b7:3b:2d |
[   17.194167] cloud-init[1008]: ci-info: |   lo   | True |         127.0.0.1          |   255.0.0.0   |  host  |         .         |
[   17.195475] cloud-init[1008]: ci-info: |   lo   | True |          ::1/128           |       .       |  host  |         .         |
[   17.196825] cloud-init[1008]: ci-info: +--------+------+----------------------------+---------------+--------+-------------------+
[   17.198114] cloud-init[1008]: ci-info: ++++++++++++++++++++++++++++Route IPv4 info+++++++++++++++++++++++++++++
[   17.199177] cloud-init[1008]: ci-info: +-------+-------------+----------+-----------------+-----------+-------+
[   17.200326] cloud-init[1008]: ci-info: | Route | Destination | Gateway  |     Genmask     | Interface | Flags |
[   17.201459] cloud-init[1008]: ci-info: +-------+-------------+----------+-----------------+-----------+-------+
[   17.202545] cloud-init[1008]: ci-info: |   0   |   0.0.0.0   | 10.0.2.2 |     0.0.0.0     |   enp0s3  |   UG  |
[   17.203693] cloud-init[1008]: ci-info: |   1   |   10.0.2.0  | 0.0.0.0  |  255.255.255.0  |   enp0s3  |   U   |
[   17.204853] cloud-init[1008]: ci-info: |   2   |   10.0.2.2  | 0.0.0.0  | 255.255.255.255 |   enp0s3  |   UH  |
[   17.205978] cloud-init[1008]: ci-info: +-------+-------------+----------+-----------------+-----------+-------+
[   17.207101] cloud-init[1008]: ci-info: +++++++++++++++++++Route IPv6 info+++++++++++++++++++
[   17.208066] cloud-init[1008]: ci-info: +-------+-------------+---------+-----------+-------+
[   17.209045] cloud-init[1008]: ci-info: | Route | Destination | Gateway | Interface | Flags |
[   17.209979] cloud-init[1008]: ci-info: +-------+-------------+---------+-----------+-------+
[   17.211016] cloud-init[1008]: ci-info: |   1   |  fe80::/64  |    ::   |   enp0s3  |   U   |
[   17.212092] cloud-init[1008]: ci-info: |   3   |    local    |    ::   |   enp0s3  |   U   |
[   17.213214] cloud-init[1008]: ci-info: |   4   |   ff00::/8  |    ::   |   enp0s3  |   U   |
[   17.214704] cloud-init[1008]: ci-info: +-------+-------------+---------+-----------+-------+
[   18.749627] cloud-init[1008]: Generating public/private rsa key pair.
[   18.750340] cloud-init[1008]: Your identification has been saved in /etc/ssh/ssh_host_rsa_key.
[   18.751130] cloud-init[1008]: Your public key has been saved in /etc/ssh/ssh_host_rsa_key.pub.
[   18.764734] cloud-init[1008]: The key fingerprint is:
[   18.765213] cloud-init[1008]: SHA256:DwIS/Kf0A2PjkQxyaXcBxyS7QVc3o7NSpwlvEkwawHk root@ubuntu-bionic
[   18.765989] cloud-init[1008]: The key's randomart image is:
[   18.766533] cloud-init[1008]: +---[RSA 2048]----+
[   18.776427] cloud-init[1008]: | oo+=+*o. +      |
[   18.788147] cloud-init[1008]: |. OoEXo  o o     |
[   18.800529] cloud-init[1008]: | +.*=o+ + .      |
[   18.801438] cloud-init[1008]: |   .@+.= *       |
[[0;32m  OK  [0m] Started Initial cloud-init job (metadata service crawler).
[   18.819626] cloud-init[1008]: |   +.O+ S        |
[[0;32m  OK  [0m] Reached target Cloud-config availability.
[[0;32m  OK  [0m] Reached target Network is Online.
[   18.820138] cloud-init[1008]: |    o o= o       |
[   18.821178] cloud-init         Starting Availability of block devices...
[[0;32m  OK  [0m] Reached target Remote File Systems (Pre).
[[0;32m  OK  [0m] Reached target Remote File Systems.
[[0;32m  OK  [0m] Reached target System Initialization.
         Starting LXD - unix socket.
[[0;32m  OK  [0m] Started Daily apt download activities.
[[0;32m  OK  [0m] Started Ubuntu Advantage Timer for running repeated jobs.
[[0;32m  OK  [0m] Listening on cloud-init hotplug hook socket.
[[0;32m  OK  [0m] Started Message of the Day.
[[0;32m  OK  [0m] Started Daily Cleanup of Temporary Directories.
[[0;32m  OK  [0m] Started Daily apt upgrade and clean activities.
[[0;32m  OK  [0m] Started Discard unused blocks once a week.
         Starting Socket activation for snappy daemon.
[[0;32m  OK  [0m] Listening on Open-iSCSI iscsid Socket.
[[0;32m  OK  [0m] Listening on ACPID Listen Socket.
[1008]: |       .  .      |
[   18.832455] cloud-init[1008]: |                 |
[   18.833731] cloud-init[1008]: |                 |
[   18.834502] cloud-init[[0;32m  OK  [0m] Started ACPI Events Check.
[1008]: +----[SHA256]-----+[
[0;32m  OK  [0m] Reached target Paths.
[   18.834899] [[0;32m  OK  [0m] Listening on UUID daemon activation socket.
[[0;32m  OK  [0m] Reached target Timers.
[[0;32m  OK  [0m] Listening on D-Bus System Message Bus Socket.
[[0;32m  OK  [0m] Listening on LXD - unix socket.
[[0;32m  OK  [0m] Listening on Socket activation for snappy daemon.
[[0;32m  OK  [0m] Reached target Sockets.
cloud-init[1008]: Generating public/private dsa key pair.
[   18.840241] cloud-init[1008]: Your identification has been saved in /etc/ssh/ssh_host_dsa_key.
[   18.841240] cloud-init[1008]: Your public key has been saved in /etc/ssh/ssh_host_dsa_key.pub.
[[0;32m  OK  [0m] Reached target Basic System.
[   18.859753] cloud-init[1008]: The key fingerprint is:
[[0;32m  OK  [0m] Started FUSE filesystem for LXC.
[   18.878462] cloud-init[1008]: SHA256:z4u8ovJJfbIQAG7hIUzSIBlu8s9paRHkFHRRWM3EqY8 root@ubuntu-bionic         Starting Accounts Service...

[   18.880709] cloud-init[1008]: The key's randomart image is:
[   18.881565] cloud-init[1008]: +---[DSA 1024]----+
[   18.882355] cloud-init[1008]: |XO .=.o=o=..     |
[   18.883067] cloud-init[1008]: |Oo++ ..   =      |
[   18.883797] cloud-init[1008]: |.*. o    .       |
[   18.884859] cloud-init[1008]: |+. . .  .        |
[   18.885829] cloud-init[1008]: |  . o   So       |
[   18.887788] [[0;32m  OK  [0m] Started Regular background program processing daemon.
cloud-init[1008]:          Starting System Logging Service...
|   o *  Eo.      |
         Starting Login Service...
[[0;32m  OK  [0m] Started Deferred execution scheduler.
         Starting Permit User Sessions...
         Starting LSB: Record successful boot for GRUB...
[   18.898542] cloud-init[1008]:          Starting Pollinate to seed the pseudo random number generator...
         Starting Virtualbox guest utils...
         Starting Dispatcher daemon for systemd-networkd...
|    X o . o      |
[   18.903694] cloud-init[1008]: |  .+ o.= . .     |         Starting Snap Daemon...
         Starting LSB: automatic crash report generation...

[   18.916146] [cloud-init[0;32m  OK  [0m[1008]: ] |   o+...+..      |Started D-Bus System Message Bus.

[   18.928221] cloud-init[1008]: +----[SHA256]-----+
[   18.928897] cloud-init[1008]: Generating public/private ecdsa key pair.
[   18.929739] cloud-init[1008]: Your identification has been saved in /etc/ssh/ssh_host_ecdsa_key.
[   18.930726] cloud-init[1008]: Your public key has been saved in /etc/ssh/ssh_host_ecdsa_key.pub.
[   18.931814] cloud-init[1008]: The key fingerprint is:
[   18.932514] cloud-init[1008]: SHA256:qFsU5NjLA8MMpglbJXJqlSVwJlsLu0IztYRiaeF+T68 root@ubuntu-bionic
[   18.933776] cloud-init[1008]: The key's randomart image is:
[   18.934820] cloud-init[1008]: +---[ECDSA 256]---+
[   18.935688] cloud-init[1008]: |o=@X+..          |
[   18.936518] cloud-init[1008]: |+#%*+=           |
[   18.937265] cloud-init[1008]: |OO o* +          |
[   18.938004] cloud-init[1008]: |+ +  + +         |
[   18.939249] cloud-init[1008]: |.o . .* S        |
[   18.940138] cloud-init[1008]: |. . oo..         |
[   18.940773] cloud-init[1008]: |    ....         |
[   18.941609] cloud-init[1008]: |     o.          |
[   18.942734] cloud-init[1008]: |    .E           |
[   18.944175] cloud-init[1008]: +----[SHA256]-----+
[   18.945190] cloud-init[1008]: Generating public/private ed25519 key pair.
[   18.960378] cloud-init[1008]: Your identification has been saved in /etc/ssh/ssh_host_ed25519_key.
[   18.976410] cloud-init[1008]: Your public key has been saved in /etc/ssh/ssh_host_ed25519_key.pub.
[   18.980199] cloud-init[1008]: The key fingerprint is:
[   18.981146] cloud-init[1008]: SHA256:g+iyY/faUqVm/15VIHwZXIhDozZF91/jUBNfUODxDwE root@ubuntu-bionic
[   18.983237] cloud-init[1008]: The key's randomart image is:
[   18.983898] cloud-init[1008]: +--[ED25519 256]--+
[   18.986186] cloud-init[1008]: |           +E+O%=|
[   18.986611] cloud-init[1008]: |           o+=**+|
[   18.996359] cloud-init[1008]: |          +  +o.*|
[   18.997276] cloud-init[1008]: |     . ... .  oo=|
[   18.997921] cloud-init[1008]: |    . .oS     ..o|
[   18.998589] cloud-init[1008]: |   .  =  .   .   |
[   19.003209] cloud-init[1008]: |  . .+ .    .    |
[   19.004250] cloud-init[1008]: |  ooo.  .  .     |
[   19.005405] cloud-init[1008]: | ..o.+o  oo      |
[   19.009355] cloud-init[1008]: +----[SHA256]-----+
[[0;32m  OK  [0m] Started Login Service.
[[0;32m  OK  [0m] Started Unattended Upgrades Shutdown.
[[0;32m  OK  [0m] Reached target Login Prompts (Pre).
         Starting LXD - container startup/shutdown...
[[0;32m  OK  [0m] Started irqbalance daemon.
[[0;32m  OK  [0m] Started System Logging Service.
[[0;32m  OK  [0m] Started Availability of block devices.
[[0;32m  OK  [0m] Started Permit User Sessions.
         Starting Terminate Plymouth Boot Screen...
         Starting Hold until boot process finishes up...
[[0;32m  OK  [0m] Started Hold until boot process finishes up.
[[0;32m  OK  [0m] Started Terminate Plymouth Boot Screen.
[[0;32m  OK  [0m] Started LSB: automatic crash report generation.
         Starting Authorization Manager...
         Starting Set console scheme...
[[0;32m  OK  [0m] Started Serial Getty on ttyS0.
[[0;32m  OK  [0m] Started Set console scheme.
[[0;32m  OK  [0m] Created slice system-getty.slice.
[[0;32m  OK  [0m] Started Getty on tty1.
[[0;32m  OK  [0m] Reached target Login Prompts.
[[0;32m  OK  [0m] Started LXD - container startup/shutdown.
[[0;32m  OK  [0m] Started LSB: Record successful boot for GRUB.
[[0;32m  OK  [0m] Started Authorization Manager.
[[0;32m  OK  [0m] Started Accounts Service.
[[0;32m  OK  [0m] Started Virtualbox guest utils.
[[0;32m  OK  [0m] Started Dispatcher daemon for systemd-networkd.
[[0;32m  OK  [0m] Started Snap Daemon.
         Starting Wait until snapd is fully seeded...
         Starting Time & Date Service...
[[0;32m  OK  [0m] Started Time & Date Service.
[[0;32m  OK  [0m] Started Wait until snapd is fully seeded.
         Starting Apply the settings specified in cloud-config...
[[0;32m  OK  [0m] Started Pollinate to seed the pseudo random number generator.
         Starting OpenBSD Secure Shell server...
[[0;32m  OK  [0m] Started OpenBSD Secure Shell server.
[[0;32m  OK  [0m] Created slice User Slice of vagrant.
         Starting User Manager for UID 1000...
[[0;32m  OK  [0m] Started Session 1 of user vagrant.
[[0;32m  OK  [0m] Started User Manager for UID 1000.
[   22.083676] cloud-init[1540]: Cloud-init v. 23.1.2-0ubuntu0~18.04.1 running 'modules:config' at Sat, 19 Aug 2023 19:04:50 +0000. Up 21.45 seconds.
[[0;32m  OK  [0m] Started Apply the settings specified in cloud-config.
[[0;32m  OK  [0m] Reached target Multi-User System.
         Starting Execute cloud user/final scripts...
[[0;32m  OK  [0m] Reached target Graphical Interface.
         Starting Update UTMP about System Runlevel Changes...
[[0;32m  OK  [0m] Started Update UTMP about System Runlevel Changes.
ci-info: no authorized SSH keys fingerprints found for user ubuntu.
<14>Aug 19 19:04:51 cloud-init: #############################################################
<14>Aug 19 19:04:51 cloud-init: -----BEGIN SSH HOST KEY FINGERPRINTS-----
<14>Aug 19 19:04:51 cloud-init: 1024 SHA256:z4u8ovJJfbIQAG7hIUzSIBlu8s9paRHkFHRRWM3EqY8 root@ubuntu-bionic (DSA)
<14>Aug 19 19:04:51 cloud-init: 256 SHA256:qFsU5NjLA8MMpglbJXJqlSVwJlsLu0IztYRiaeF+T68 root@ubuntu-bionic (ECDSA)
<14>Aug 19 19:04:51 cloud-init: 256 SHA256:g+iyY/faUqVm/15VIHwZXIhDozZF91/jUBNfUODxDwE root@ubuntu-bionic (ED25519)
<14>Aug 19 19:04:51 cloud-init: 2048 SHA256:DwIS/Kf0A2PjkQxyaXcBxyS7QVc3o7NSpwlvEkwawHk root@ubuntu-bionic (RSA)
<14>Aug 19 19:04:51 cloud-init: -----END SSH HOST KEY FINGERPRINTS-----
<14>Aug 19 19:04:51 cloud-init: #############################################################
-----BEGIN SSH HOST KEY KEYS-----
ecdsa-sha2-nistp256 AAAAE2VjZHNhLXNoYTItbmlzdHAyNTYAAAAIbmlzdHAyNTYAAABBBD+cK0kVQoDwDGPmdzYI9TZmJ/9teh9wZvGadUv8q1Z15sRMK2hzVcBopoo0FDiXWTkoytlU2WGCgni6guXnqd4= root@ubuntu-bionic
ssh-ed25519 AAAAC3NzaC1lZDI1NTE5AAAAIC8I2KPqWUplGt6Q3XWvAMCfb5sx7VywPZ6RJBXS6oGH root@ubuntu-bionic
ssh-rsa AAAAB3NzaC1yc2EAAAADAQABAAABAQDSfbaBD2foRmK/ca0XhmZdXJ4wwKuDP4neQJxtCt/aZSOgd39mZloATrrENba6DjLyR0AkTPbHpLv3ZhQtQE/a3JPRyKJo2mrbIvD2gCOMIRR+X801WMqYcb+pLpT/PWMQ+j0gN0frUUIXi7p9mATmFnuqBDkpbI7JcYae4IBHZZyEp5Jza8nxnSojaqyizPUOe1Fs/AptMH1sSyvPXwyBhfReL67DE4ff12wxZwgaKC9eAw/kzF6iooeQ2vx1lVcs+Jrihvlm2pTJ4TLYyFtd1j0N9yYX+Zl/ACn9WW5JaRQTZ9Iw1OIP6Bj9O01kGWPbDVofikz3MGos/SjmIa33 root@ubuntu-bionic
-----END SSH HOST KEY KEYS-----
[   22.867567] cloud-init[1684]: Cloud-init v. 23.1.2-0ubuntu0~18.04.1 running 'modules:final' at Sat, 19 Aug 2023 19:04:51 +0000. Up 22.62 seconds.
[   22.880162] cloud-init[1684]: Cloud-init v. 23.1.2-0ubuntu0~18.04.1 finished at Sat, 19 Aug 2023 19:04:51 +0000. Datasource DataSourceNoCloud [seed=/dev/sdb][dsmode=net].  Up 22.86 seconds
[[0;32m  OK  [0m] Started Execute cloud user/final scripts.
[[0;32m  OK  [0m] Reached target Cloud-init target.

Ubuntu 18.04.6 LTS ubuntu-bionic ttyS0

ubuntu-bionic login: 